2025-06-13 18:25:03,555 - module_a - DEBUG - Initializing Module A with environment variables: MODULE_B_HOST: localhost:50051, MODULE_A_HOST: localhost:50053
2025-06-13 18:25:03,555 - module_a - DEBUG - EventExtractor initialized
2025-06-13 18:25:03,555 - module_a - DEBUG - Starting client connection to Module B
2025-06-13 18:25:03,564 - module_a - DEBUG - Extracted event 1: {'key_1': 'value_1', 'timestamp': '1749849903.5648952', 'status': 'active', 'source': 'Module A', 'sequence': '1', 'runtime': '0.009484529495239258', 'time_since_last': '0.0'}
2025-06-13 18:25:03,565 - module_a - DEBUG - Preparing to send events: {'key_1': 'value_1', 'timestamp': '1749849903.5648952', 'status': 'active', 'source': 'Module A', 'sequence': '1', 'runtime': '0.009484529495239258', 'time_since_last': '0.0'}
2025-06-13 18:25:03,565 - module_a - INFO - Sending events 1
2025-06-13 18:25:03,568 - module_a - DEBUG - Server initialized and listening on localhost:50053
2025-06-13 18:25:03,568 - module_a - INFO - Server listening on localhost:50053
2025-06-13 18:25:03,568 - module_a - DEBUG - Received acknowledgment from B: success: True, message: Dictionary received
2025-06-13 18:25:03,569 - module_a - INFO - Got acknowledgment from B
2025-06-13 18:25:03,578 - module_a - DEBUG - Received final result from C: (Processed by C) ((Processed by B) (timestamp: 1749849903.5648952 | status: active | runtime: 0.009484529495239258 | source: Module A | key_1: value_1 | sequence: 1 | time_since_last: 0.0 | processed_by: Module B | processing_time: 1749849903.568298 | processing_sequence: 1))
2025-06-13 18:25:04,572 - module_a - DEBUG - Extracted event 2: {'key_2': 'value_2', 'timestamp': '1749849904.5724852', 'status': 'active', 'source': 'Module A', 'sequence': '2', 'runtime': '1.0170626640319824', 'time_since_last': '0.0'}
2025-06-13 18:25:04,572 - module_a - DEBUG - Preparing to send events: {'key_2': 'value_2', 'timestamp': '1749849904.5724852', 'status': 'active', 'source': 'Module A', 'sequence': '2', 'runtime': '1.0170626640319824', 'time_since_last': '0.0'}
2025-06-13 18:25:04,573 - module_a - INFO - Sending events 2
2025-06-13 18:25:04,580 - module_a - DEBUG - Received acknowledgment from B: success: True, message: Dictionary received
2025-06-13 18:25:04,581 - module_a - INFO - Got acknowledgment from B
2025-06-13 18:25:04,588 - module_a - DEBUG - Received final result from C: (Processed by C) ((Processed by B) (timestamp: 1749849904.5724852 | status: active | key_2: value_2 | runtime: 1.0170626640319824 | source: Module A | sequence: 2 | time_since_last: 0.0 | processed_by: Module B | processing_time: 1749849904.5796902 | processing_sequence: 2))
2025-06-13 18:25:05,591 - module_a - DEBUG - Extracted event 3: {'key_3': 'value_3', 'timestamp': '1749849905.590985', 'status': 'active', 'source': 'Module A', 'sequence': '3', 'runtime': '2.0355684757232666', 'time_since_last': '0.0'}
2025-06-13 18:25:05,591 - module_a - DEBUG - Preparing to send events: {'key_3': 'value_3', 'timestamp': '1749849905.590985', 'status': 'active', 'source': 'Module A', 'sequence': '3', 'runtime': '2.0355684757232666', 'time_since_last': '0.0'}
2025-06-13 18:25:05,591 - module_a - INFO - Sending events 3
2025-06-13 18:25:05,594 - module_a - DEBUG - Received acknowledgment from B: success: True, message: Dictionary received
2025-06-13 18:25:05,594 - module_a - INFO - Got acknowledgment from B
2025-06-13 18:25:05,624 - module_a - DEBUG - Received final result from C: (Processed by C) ((Processed by B) (timestamp: 1749849905.590985 | time_since_last: 0.0 | status: active | runtime: 2.0355684757232666 | source: Module A | sequence: 3 | key_3: value_3 | processed_by: Module B | processing_time: 1749849905.59339 | processing_sequence: 3))
2025-06-13 18:25:06,596 - module_a - DEBUG - Extracted event 4: {'key_4': 'value_4', 'timestamp': '1749849906.5963004', 'status': 'active', 'source': 'Module A', 'sequence': '4', 'runtime': '3.0408785343170166', 'time_since_last': '0.0'}
2025-06-13 18:25:06,597 - module_a - DEBUG - Preparing to send events: {'key_4': 'value_4', 'timestamp': '1749849906.5963004', 'status': 'active', 'source': 'Module A', 'sequence': '4', 'runtime': '3.0408785343170166', 'time_since_last': '0.0'}
2025-06-13 18:25:06,597 - module_a - INFO - Sending events 4
2025-06-13 18:25:06,601 - module_a - DEBUG - Received acknowledgment from B: success: True, message: Dictionary received
2025-06-13 18:25:06,601 - module_a - INFO - Got acknowledgment from B
2025-06-13 18:25:06,611 - module_a - DEBUG - Received final result from C: (Processed by C) ((Processed by B) (timestamp: 1749849906.5963004 | key_4: value_4 | status: active | runtime: 3.0408785343170166 | source: Module A | sequence: 4 | time_since_last: 0.0 | processed_by: Module B | processing_time: 1749849906.6004777 | processing_sequence: 4))
2025-06-13 18:25:07,603 - module_a - DEBUG - Extracted event 5: {'key_5': 'value_5', 'timestamp': '1749849907.6037946', 'status': 'active', 'source': 'Module A', 'sequence': '5', 'runtime': '4.048359155654907', 'time_since_last': '0.0'}
2025-06-13 18:25:07,604 - module_a - DEBUG - Preparing to send events: {'key_5': 'value_5', 'timestamp': '1749849907.6037946', 'status': 'active', 'source': 'Module A', 'sequence': '5', 'runtime': '4.048359155654907', 'time_since_last': '0.0'}
2025-06-13 18:25:07,604 - module_a - INFO - Sending events 5
2025-06-13 18:25:07,610 - module_a - DEBUG - Received acknowledgment from B: success: True, message: Dictionary received
2025-06-13 18:25:07,610 - module_a - INFO - Got acknowledgment from B
2025-06-13 18:25:07,617 - module_a - DEBUG - Received final result from C: (Processed by C) ((Processed by B) (key_5: value_5 | timestamp: 1749849907.6037946 | status: active | runtime: 4.048359155654907 | source: Module A | sequence: 5 | time_since_last: 0.0 | processed_by: Module B | processing_time: 1749849907.6085129 | processing_sequence: 5))
2025-06-13 18:25:08,612 - module_a - DEBUG - Extracted event 6: {'key_6': 'value_6', 'timestamp': '1749849908.6124475', 'status': 'active', 'source': 'Module A', 'sequence': '6', 'runtime': '5.057024240493774', 'time_since_last': '0.0'}
2025-06-13 18:25:08,613 - module_a - DEBUG - Preparing to send events: {'key_6': 'value_6', 'timestamp': '1749849908.6124475', 'status': 'active', 'source': 'Module A', 'sequence': '6', 'runtime': '5.057024240493774', 'time_since_last': '0.0'}
2025-06-13 18:25:08,613 - module_a - INFO - Sending events 6
2025-06-13 18:25:08,617 - module_a - DEBUG - Received acknowledgment from B: success: True, message: Dictionary received
2025-06-13 18:25:08,618 - module_a - INFO - Got acknowledgment from B
2025-06-13 18:25:08,623 - module_a - DEBUG - Received final result from C: (Processed by C) ((Processed by B) (timestamp: 1749849908.6124475 | status: active | runtime: 5.057024240493774 | source: Module A | key_6: value_6 | sequence: 6 | time_since_last: 0.0 | processed_by: Module B | processing_time: 1749849908.6165013 | processing_sequence: 6))
2025-06-13 18:25:09,619 - module_a - DEBUG - Extracted event 7: {'key_7': 'value_7', 'timestamp': '1749849909.6195111', 'status': 'active', 'source': 'Module A', 'sequence': '7', 'runtime': '6.0640928745269775', 'time_since_last': '0.0'}
2025-06-13 18:25:09,619 - module_a - DEBUG - Preparing to send events: {'key_7': 'value_7', 'timestamp': '1749849909.6195111', 'status': 'active', 'source': 'Module A', 'sequence': '7', 'runtime': '6.0640928745269775', 'time_since_last': '0.0'}
2025-06-13 18:25:09,619 - module_a - INFO - Sending events 7
2025-06-13 18:25:09,624 - module_a - DEBUG - Received acknowledgment from B: success: True, message: Dictionary received
2025-06-13 18:25:09,624 - module_a - INFO - Got acknowledgment from B
2025-06-13 18:25:09,631 - module_a - DEBUG - Received final result from C: (Processed by C) ((Processed by B) (timestamp: 1749849909.6195111 | status: active | runtime: 6.0640928745269775 | key_7: value_7 | source: Module A | sequence: 7 | time_since_last: 0.0 | processed_by: Module B | processing_time: 1749849909.6220057 | processing_sequence: 7))
2025-06-13 18:25:10,626 - module_a - DEBUG - Extracted event 8: {'key_8': 'value_8', 'timestamp': '1749849910.6266692', 'status': 'active', 'source': 'Module A', 'sequence': '8', 'runtime': '7.071242809295654', 'time_since_last': '0.0'}
2025-06-13 18:25:10,627 - module_a - DEBUG - Preparing to send events: {'key_8': 'value_8', 'timestamp': '1749849910.6266692', 'status': 'active', 'source': 'Module A', 'sequence': '8', 'runtime': '7.071242809295654', 'time_since_last': '0.0'}
2025-06-13 18:25:10,627 - module_a - INFO - Sending events 8
2025-06-13 18:25:10,632 - module_a - DEBUG - Received acknowledgment from B: success: True, message: Dictionary received
2025-06-13 18:25:10,632 - module_a - INFO - Got acknowledgment from B
2025-06-13 18:25:10,641 - module_a - DEBUG - Received final result from C: (Processed by C) ((Processed by B) (timestamp: 1749849910.6266692 | status: active | runtime: 7.071242809295654 | source: Module A | key_8: value_8 | sequence: 8 | time_since_last: 0.0 | processed_by: Module B | processing_time: 1749849910.630527 | processing_sequence: 8))
2025-06-13 18:25:11,635 - module_a - DEBUG - Extracted event 9: {'key_9': 'value_9', 'timestamp': '1749849911.6350582', 'status': 'active', 'source': 'Module A', 'sequence': '9', 'runtime': '8.079633951187134', 'time_since_last': '0.0'}
2025-06-13 18:25:11,635 - module_a - DEBUG - Preparing to send events: {'key_9': 'value_9', 'timestamp': '1749849911.6350582', 'status': 'active', 'source': 'Module A', 'sequence': '9', 'runtime': '8.079633951187134', 'time_since_last': '0.0'}
2025-06-13 18:25:11,635 - module_a - INFO - Sending events 9
2025-06-13 18:25:11,640 - module_a - DEBUG - Received acknowledgment from B: success: True, message: Dictionary received
2025-06-13 18:25:11,640 - module_a - INFO - Got acknowledgment from B
2025-06-13 18:25:11,647 - module_a - DEBUG - Received final result from C: (Processed by C) ((Processed by B) (key_9: value_9 | timestamp: 1749849911.6350582 | status: active | runtime: 8.079633951187134 | source: Module A | sequence: 9 | time_since_last: 0.0 | processed_by: Module B | processing_time: 1749849911.6384068 | processing_sequence: 9))
2025-06-13 18:25:12,640 - module_a - DEBUG - Extracted event 10: {'key_10': 'value_10', 'timestamp': '1749849912.640759', 'status': 'active', 'source': 'Module A', 'sequence': '10', 'runtime': '9.085322141647339', 'time_since_last': '0.0'}
2025-06-13 18:25:12,641 - module_a - DEBUG - Preparing to send events: {'key_10': 'value_10', 'timestamp': '1749849912.640759', 'status': 'active', 'source': 'Module A', 'sequence': '10', 'runtime': '9.085322141647339', 'time_since_last': '0.0'}
2025-06-13 18:25:12,641 - module_a - INFO - Sending events 10
2025-06-13 18:25:12,645 - module_a - DEBUG - Received acknowledgment from B: success: True, message: Dictionary received
2025-06-13 18:25:12,645 - module_a - INFO - Got acknowledgment from B
2025-06-13 18:25:12,654 - module_a - DEBUG - Received final result from C: (Processed by C) ((Processed by B) (timestamp: 1749849912.640759 | key_10: value_10 | status: active | runtime: 9.085322141647339 | source: Module A | sequence: 10 | time_since_last: 0.0 | processed_by: Module B | processing_time: 1749849912.6443944 | processing_sequence: 10))
2025-06-13 18:25:13,647 - module_a - DEBUG - Client finished sending messages. Stats: {'total_events': 10, 'runtime': 10.092286109924316, 'average_interval': 0.0}
2025-06-13 18:25:13,648 - module_a - INFO - Finished sending 10 messages. Server remains active to receive responses.
