2025-06-13 18:25:01,546 - module_c - DEBUG - Initializing Module C with environment variables: MODULE_C_HOST: localhost:50052, MODULE_A_HOST: localhost:50053
2025-06-13 18:25:01,546 - module_c - DEBUG - TextToSpeech initialized
2025-06-13 18:25:01,560 - module_c - DEBUG - Server initialized and listening on localhost:50052
2025-06-13 18:25:01,560 - module_c - INFO - Server listening on localhost:50052
2025-06-13 18:25:05,611 - module_c - DEBUG - Received string from B: (Processed by B) (timestamp: 1749849905.590985 | time_since_last: 0.0 | status: active | runtime: 2.0355684757232666 | source: Module A | sequence: 3 | key_3: value_3 | processed_by: Module B | processing_time: 1749849905.59339 | processing_sequence: 3)
2025-06-13 18:25:05,611 - module_c - INFO - Got string from B
2025-06-13 18:25:05,611 - module_c - DEBUG - Starting background processing thread
2025-06-13 18:25:05,614 - module_c - DEBUG - Processed text: (Processed by C) ((Processed by B) (timestamp: 1749849905.590985 | time_since_last: 0.0 | status: active | runtime: 2.0355684757232666 | source: Module A | sequence: 3 | key_3: value_3 | processed_by: Module B | processing_time: 1749849905.59339 | processing_sequence: 3))
2025-06-13 18:25:05,614 - module_c - DEBUG - Connecting to Module A at localhost:50053
2025-06-13 18:25:05,625 - module_c - DEBUG - Sent final result to A
2025-06-13 18:25:05,625 - module_c - INFO - Sent final result to A
2025-06-13 18:25:11,642 - module_c - DEBUG - Received string from B: (Processed by B) (key_9: value_9 | timestamp: 1749849911.6350582 | status: active | runtime: 8.079633951187134 | source: Module A | sequence: 9 | time_since_last: 0.0 | processed_by: Module B | processing_time: 1749849911.6384068 | processing_sequence: 9)
2025-06-13 18:25:11,643 - module_c - INFO - Got string from B
2025-06-13 18:25:11,643 - module_c - DEBUG - Starting background processing thread
2025-06-13 18:25:11,643 - module_c - DEBUG - Processed text: (Processed by C) ((Processed by B) (key_9: value_9 | timestamp: 1749849911.6350582 | status: active | runtime: 8.079633951187134 | source: Module A | sequence: 9 | time_since_last: 0.0 | processed_by: Module B | processing_time: 1749849911.6384068 | processing_sequence: 9))
2025-06-13 18:25:11,644 - module_c - DEBUG - Connecting to Module A at localhost:50053
2025-06-13 18:25:11,648 - module_c - DEBUG - Sent final result to A
2025-06-13 18:25:11,648 - module_c - INFO - Sent final result to A
2025-06-13 18:25:12,649 - module_c - DEBUG - Received string from B: (Processed by B) (timestamp: 1749849912.640759 | key_10: value_10 | status: active | runtime: 9.085322141647339 | source: Module A | sequence: 10 | time_since_last: 0.0 | processed_by: Module B | processing_time: 1749849912.6443944 | processing_sequence: 10)
2025-06-13 18:25:12,649 - module_c - INFO - Got string from B
2025-06-13 18:25:12,649 - module_c - DEBUG - Starting background processing thread
2025-06-13 18:25:12,650 - module_c - DEBUG - Processed text: (Processed by C) ((Processed by B) (timestamp: 1749849912.640759 | key_10: value_10 | status: active | runtime: 9.085322141647339 | source: Module A | sequence: 10 | time_since_last: 0.0 | processed_by: Module B | processing_time: 1749849912.6443944 | processing_sequence: 10))
2025-06-13 18:25:12,650 - module_c - DEBUG - Connecting to Module A at localhost:50053
2025-06-13 18:25:12,655 - module_c - DEBUG - Sent final result to A
2025-06-13 18:25:12,655 - module_c - INFO - Sent final result to A
