2025-06-13 18:25:02,545 - module_b - DEBUG - Initializing Module B with environment variables: MODULE_B_HOST: localhost:50051, MODULE_C_HOST: localhost:50052
2025-06-13 18:25:02,546 - module_b - DEBUG - EventToText initialized
2025-06-13 18:25:02,555 - module_b - DEBUG - Server initialized and listening on localhost:50051
2025-06-13 18:25:02,555 - module_b - INFO - Server listening on localhost:50051
2025-06-13 18:25:03,567 - module_b - DEBUG - Received dictionary from A: {'timestamp': '1749849903.5648952', 'status': 'active', 'runtime': '0.009484529495239258', 'source': 'Module A', 'key_1': 'value_1', 'sequence': '1', 'time_since_last': '0.0'}
2025-06-13 18:25:03,567 - module_b - INFO - Got dictionary from A
2025-06-13 18:25:03,567 - module_b - DEBUG - Starting background processing thread
2025-06-13 18:25:03,568 - module_b - DEBUG - Converted events to text: (Processed by B) (timestamp: 1749849903.5648952 | status: active | runtime: 0.009484529495239258 | source: Module A | key_1: value_1 | sequence: 1 | time_since_last: 0.0 | processed_by: Module B | processing_time: 1749849903.568298 | processing_sequence: 1)
2025-06-13 18:25:03,568 - module_b - DEBUG - Connecting to Module C at localhost:50052
2025-06-13 18:25:03,576 - module_b - DEBUG - Received response from C: success: True, message: String received
2025-06-13 18:25:03,576 - module_b - INFO - Got back from C
2025-06-13 18:25:04,578 - module_b - DEBUG - Received dictionary from A: {'timestamp': '1749849904.5724852', 'status': 'active', 'key_2': 'value_2', 'runtime': '1.0170626640319824', 'source': 'Module A', 'sequence': '2', 'time_since_last': '0.0'}
2025-06-13 18:25:04,578 - module_b - INFO - Got dictionary from A
2025-06-13 18:25:04,579 - module_b - DEBUG - Starting background processing thread
2025-06-13 18:25:04,579 - module_b - DEBUG - Converted events to text: (Processed by B) (timestamp: 1749849904.5724852 | status: active | key_2: value_2 | runtime: 1.0170626640319824 | source: Module A | sequence: 2 | time_since_last: 0.0 | processed_by: Module B | processing_time: 1749849904.5796902 | processing_sequence: 2)
2025-06-13 18:25:04,580 - module_b - DEBUG - Connecting to Module C at localhost:50052
2025-06-13 18:25:04,586 - module_b - DEBUG - Received response from C: success: True, message: String received
2025-06-13 18:25:04,586 - module_b - INFO - Got back from C
2025-06-13 18:25:05,592 - module_b - DEBUG - Received dictionary from A: {'timestamp': '1749849905.590985', 'time_since_last': '0.0', 'status': 'active', 'runtime': '2.0355684757232666', 'source': 'Module A', 'sequence': '3', 'key_3': 'value_3'}
2025-06-13 18:25:05,592 - module_b - INFO - Got dictionary from A
2025-06-13 18:25:05,593 - module_b - DEBUG - Starting background processing thread
2025-06-13 18:25:05,593 - module_b - DEBUG - Converted events to text: (Processed by B) (timestamp: 1749849905.590985 | time_since_last: 0.0 | status: active | runtime: 2.0355684757232666 | source: Module A | sequence: 3 | key_3: value_3 | processed_by: Module B | processing_time: 1749849905.59339 | processing_sequence: 3)
2025-06-13 18:25:05,593 - module_b - DEBUG - Connecting to Module C at localhost:50052
2025-06-13 18:25:05,615 - module_b - DEBUG - Received response from C: success: True, message: String received
2025-06-13 18:25:05,615 - module_b - INFO - Got back from C
2025-06-13 18:25:06,599 - module_b - DEBUG - Received dictionary from A: {'timestamp': '1749849906.5963004', 'key_4': 'value_4', 'status': 'active', 'runtime': '3.0408785343170166', 'source': 'Module A', 'sequence': '4', 'time_since_last': '0.0'}
2025-06-13 18:25:06,599 - module_b - INFO - Got dictionary from A
2025-06-13 18:25:06,599 - module_b - DEBUG - Starting background processing thread
2025-06-13 18:25:06,600 - module_b - DEBUG - Converted events to text: (Processed by B) (timestamp: 1749849906.5963004 | key_4: value_4 | status: active | runtime: 3.0408785343170166 | source: Module A | sequence: 4 | time_since_last: 0.0 | processed_by: Module B | processing_time: 1749849906.6004777 | processing_sequence: 4)
2025-06-13 18:25:06,600 - module_b - DEBUG - Connecting to Module C at localhost:50052
2025-06-13 18:25:06,608 - module_b - DEBUG - Received response from C: success: True, message: String received
2025-06-13 18:25:06,608 - module_b - INFO - Got back from C
2025-06-13 18:25:07,607 - module_b - DEBUG - Received dictionary from A: {'key_5': 'value_5', 'timestamp': '1749849907.6037946', 'status': 'active', 'runtime': '4.048359155654907', 'source': 'Module A', 'sequence': '5', 'time_since_last': '0.0'}
2025-06-13 18:25:07,607 - module_b - INFO - Got dictionary from A
2025-06-13 18:25:07,608 - module_b - DEBUG - Starting background processing thread
2025-06-13 18:25:07,608 - module_b - DEBUG - Converted events to text: (Processed by B) (key_5: value_5 | timestamp: 1749849907.6037946 | status: active | runtime: 4.048359155654907 | source: Module A | sequence: 5 | time_since_last: 0.0 | processed_by: Module B | processing_time: 1749849907.6085129 | processing_sequence: 5)
2025-06-13 18:25:07,608 - module_b - DEBUG - Connecting to Module C at localhost:50052
2025-06-13 18:25:07,614 - module_b - DEBUG - Received response from C: success: True, message: String received
2025-06-13 18:25:07,615 - module_b - INFO - Got back from C
2025-06-13 18:25:08,615 - module_b - DEBUG - Received dictionary from A: {'timestamp': '1749849908.6124475', 'status': 'active', 'runtime': '5.057024240493774', 'source': 'Module A', 'key_6': 'value_6', 'sequence': '6', 'time_since_last': '0.0'}
2025-06-13 18:25:08,616 - module_b - INFO - Got dictionary from A
2025-06-13 18:25:08,616 - module_b - DEBUG - Starting background processing thread
2025-06-13 18:25:08,616 - module_b - DEBUG - Converted events to text: (Processed by B) (timestamp: 1749849908.6124475 | status: active | runtime: 5.057024240493774 | source: Module A | key_6: value_6 | sequence: 6 | time_since_last: 0.0 | processed_by: Module B | processing_time: 1749849908.6165013 | processing_sequence: 6)
2025-06-13 18:25:08,616 - module_b - DEBUG - Connecting to Module C at localhost:50052
2025-06-13 18:25:08,621 - module_b - DEBUG - Received response from C: success: True, message: String received
2025-06-13 18:25:08,621 - module_b - INFO - Got back from C
2025-06-13 18:25:09,621 - module_b - DEBUG - Received dictionary from A: {'timestamp': '1749849909.6195111', 'status': 'active', 'runtime': '6.0640928745269775', 'key_7': 'value_7', 'source': 'Module A', 'sequence': '7', 'time_since_last': '0.0'}
2025-06-13 18:25:09,621 - module_b - INFO - Got dictionary from A
2025-06-13 18:25:09,621 - module_b - DEBUG - Starting background processing thread
2025-06-13 18:25:09,622 - module_b - DEBUG - Converted events to text: (Processed by B) (timestamp: 1749849909.6195111 | status: active | runtime: 6.0640928745269775 | key_7: value_7 | source: Module A | sequence: 7 | time_since_last: 0.0 | processed_by: Module B | processing_time: 1749849909.6220057 | processing_sequence: 7)
2025-06-13 18:25:09,622 - module_b - DEBUG - Connecting to Module C at localhost:50052
2025-06-13 18:25:09,629 - module_b - DEBUG - Received response from C: success: True, message: String received
2025-06-13 18:25:09,629 - module_b - INFO - Got back from C
2025-06-13 18:25:10,629 - module_b - DEBUG - Received dictionary from A: {'timestamp': '1749849910.6266692', 'status': 'active', 'runtime': '7.071242809295654', 'source': 'Module A', 'key_8': 'value_8', 'sequence': '8', 'time_since_last': '0.0'}
2025-06-13 18:25:10,629 - module_b - INFO - Got dictionary from A
2025-06-13 18:25:10,629 - module_b - DEBUG - Starting background processing thread
2025-06-13 18:25:10,630 - module_b - DEBUG - Converted events to text: (Processed by B) (timestamp: 1749849910.6266692 | status: active | runtime: 7.071242809295654 | source: Module A | key_8: value_8 | sequence: 8 | time_since_last: 0.0 | processed_by: Module B | processing_time: 1749849910.630527 | processing_sequence: 8)
2025-06-13 18:25:10,630 - module_b - DEBUG - Connecting to Module C at localhost:50052
2025-06-13 18:25:10,637 - module_b - DEBUG - Received response from C: success: True, message: String received
2025-06-13 18:25:10,637 - module_b - INFO - Got back from C
2025-06-13 18:25:11,637 - module_b - DEBUG - Received dictionary from A: {'key_9': 'value_9', 'timestamp': '1749849911.6350582', 'status': 'active', 'runtime': '8.079633951187134', 'source': 'Module A', 'sequence': '9', 'time_since_last': '0.0'}
2025-06-13 18:25:11,637 - module_b - INFO - Got dictionary from A
2025-06-13 18:25:11,637 - module_b - DEBUG - Starting background processing thread
2025-06-13 18:25:11,638 - module_b - DEBUG - Converted events to text: (Processed by B) (key_9: value_9 | timestamp: 1749849911.6350582 | status: active | runtime: 8.079633951187134 | source: Module A | sequence: 9 | time_since_last: 0.0 | processed_by: Module B | processing_time: 1749849911.6384068 | processing_sequence: 9)
2025-06-13 18:25:11,638 - module_b - DEBUG - Connecting to Module C at localhost:50052
2025-06-13 18:25:11,644 - module_b - DEBUG - Received response from C: success: True, message: String received
2025-06-13 18:25:11,644 - module_b - INFO - Got back from C
2025-06-13 18:25:12,643 - module_b - DEBUG - Received dictionary from A: {'timestamp': '1749849912.640759', 'key_10': 'value_10', 'status': 'active', 'runtime': '9.085322141647339', 'source': 'Module A', 'sequence': '10', 'time_since_last': '0.0'}
2025-06-13 18:25:12,643 - module_b - INFO - Got dictionary from A
2025-06-13 18:25:12,643 - module_b - DEBUG - Starting background processing thread
2025-06-13 18:25:12,644 - module_b - DEBUG - Converted events to text: (Processed by B) (timestamp: 1749849912.640759 | key_10: value_10 | status: active | runtime: 9.085322141647339 | source: Module A | sequence: 10 | time_since_last: 0.0 | processed_by: Module B | processing_time: 1749849912.6443944 | processing_sequence: 10)
2025-06-13 18:25:12,645 - module_b - DEBUG - Connecting to Module C at localhost:50052
2025-06-13 18:25:12,652 - module_b - DEBUG - Received response from C: success: True, message: String received
2025-06-13 18:25:12,652 - module_b - INFO - Got back from C
